<?xml version="1.0" encoding="UTF-8"?>
<!-- Generated by org.testng.reporters.JUnitXMLReporter -->
<testsuite hostname="DESKTOP-SIDP7OO" ignored="0" name="Test" tests="4" failures="0" timestamp="2022-08-23T23:55:36 IST" time="20.968" errors="0">
  <testcase name="launchGoogle1" time="19.111" classname="testNgPack.Class1"/>
  <testcase name="launchGoogle1" time="19.742" classname="testNgPack.Class3"/>
  <testcase name="launchGoogle1" time="20.603" classname="testNgPack.Class2"/>
  <testcase name="launchGoogle1" time="20.898" classname="testNgPack.Class4"/>
</testsuite> <!-- Test -->
